1763396726.367350 client started (49929): version 3.5a, socket /private/tmp/tmux-501/default, protocol 8
1763396726.367416 on Darwin 25.1.0 Darwin Kernel Version 25.1.0: Mon Oct 20 19:32:47 PDT 2025; root:xnu-12377.41.6~2/RELEASE_ARM64_T8103
1763396726.367433 using libevent 2.1.12-stable select
1763396726.367481 using utf8proc 2.11.1
1763396726.367493 using ncurses 6.5 20240427
1763396726.367523 flags are 0x18010000
1763396726.367536 socket is /private/tmp/tmux-501/default
1763396726.367554 trying connect
1763396726.367582 connect failed: No such file or directory
1763396726.367605 lock file is /private/tmp/tmux-501/default.lock
1763396726.367792 flock succeeded
1763396726.367806 got lock (6)
1763396726.367820 trying connect
1763396726.367839 connect failed: No such file or directory
1763396726.368460 add peer 0xbd3c00000: 7 (0x0)
1763396726.371742 sending message 111 to peer 0xbd3c00000 (8 bytes)
1763396726.371760 sending message 111 to peer 0xbd3c00000 (8 bytes)
1763396726.371772 sending message 101 to peer 0xbd3c00000 (14 bytes)
1763396726.371784 sending message 109 to peer 0xbd3c00000 (4 bytes)
1763396726.371796 sending message 102 to peer 0xbd3c00000 (13 bytes)
1763396726.371808 sending message 108 to peer 0xbd3c00000 (26 bytes)
1763396726.371819 sending message 112 to peer 0xbd3c00000 (70 bytes)
1763396726.371831 sending message 112 to peer 0xbd3c00000 (5 bytes)
1763396726.371844 sending message 112 to peer 0xbd3c00000 (5 bytes)
1763396726.371860 sending message 112 to peer 0xbd3c00000 (6 bytes)
1763396726.371870 sending message 112 to peer 0xbd3c00000 (6 bytes)
1763396726.371879 sending message 112 to peer 0xbd3c00000 (11 bytes)
1763396726.371889 sending message 112 to peer 0xbd3c00000 (10 bytes)
1763396726.371905 sending message 112 to peer 0xbd3c00000 (13 bytes)
1763396726.371916 sending message 112 to peer 0xbd3c00000 (14 bytes)
1763396726.371925 sending message 112 to peer 0xbd3c00000 (9 bytes)
1763396726.371936 sending message 112 to peer 0xbd3c00000 (21 bytes)
1763396726.371947 sending message 112 to peer 0xbd3c00000 (19 bytes)
1763396726.371958 sending message 112 to peer 0xbd3c00000 (11 bytes)
1763396726.371968 sending message 112 to peer 0xbd3c00000 (21 bytes)
1763396726.371978 sending message 112 to peer 0xbd3c00000 (13 bytes)
1763396726.371989 sending message 112 to peer 0xbd3c00000 (7 bytes)
1763396726.371997 sending message 112 to peer 0xbd3c00000 (13 bytes)
1763396726.372005 sending message 112 to peer 0xbd3c00000 (7 bytes)
1763396726.372013 sending message 112 to peer 0xbd3c00000 (13 bytes)
1763396726.372021 sending message 112 to peer 0xbd3c00000 (9 bytes)
1763396726.372030 sending message 112 to peer 0xbd3c00000 (21 bytes)
1763396726.372040 sending message 112 to peer 0xbd3c00000 (13 bytes)
1763396726.372048 sending message 112 to peer 0xbd3c00000 (9 bytes)
1763396726.372056 sending message 112 to peer 0xbd3c00000 (16 bytes)
1763396726.372064 sending message 112 to peer 0xbd3c00000 (13 bytes)
1763396726.372074 sending message 112 to peer 0xbd3c00000 (9 bytes)
1763396726.372084 sending message 112 to peer 0xbd3c00000 (9 bytes)
1763396726.372095 sending message 112 to peer 0xbd3c00000 (12 bytes)
1763396726.372105 sending message 112 to peer 0xbd3c00000 (8 bytes)
1763396726.372116 sending message 112 to peer 0xbd3c00000 (12 bytes)
1763396726.372126 sending message 112 to peer 0xbd3c00000 (8 bytes)
1763396726.372137 sending message 112 to peer 0xbd3c00000 (13 bytes)
1763396726.372148 sending message 112 to peer 0xbd3c00000 (7 bytes)
1763396726.372159 sending message 112 to peer 0xbd3c00000 (7 bytes)
1763396726.372169 sending message 112 to peer 0xbd3c00000 (9 bytes)
1763396726.372179 sending message 112 to peer 0xbd3c00000 (12 bytes)
1763396726.372189 sending message 112 to peer 0xbd3c00000 (6 bytes)
1763396726.372200 sending message 112 to peer 0xbd3c00000 (9 bytes)
1763396726.372211 sending message 112 to peer 0xbd3c00000 (15 bytes)
1763396726.372222 sending message 112 to peer 0xbd3c00000 (13 bytes)
1763396726.372232 sending message 112 to peer 0xbd3c00000 (9 bytes)
1763396726.372243 sending message 112 to peer 0xbd3c00000 (12 bytes)
1763396726.372266 sending message 112 to peer 0xbd3c00000 (8 bytes)
1763396726.372275 sending message 112 to peer 0xbd3c00000 (14 bytes)
1763396726.372283 sending message 112 to peer 0xbd3c00000 (11 bytes)
1763396726.372292 sending message 112 to peer 0xbd3c00000 (9 bytes)
1763396726.372301 sending message 112 to peer 0xbd3c00000 (10 bytes)
1763396726.372309 sending message 112 to peer 0xbd3c00000 (10 bytes)
1763396726.372316 sending message 112 to peer 0xbd3c00000 (10 bytes)
1763396726.372323 sending message 112 to peer 0xbd3c00000 (10 bytes)
1763396726.372332 sending message 112 to peer 0xbd3c00000 (11 bytes)
1763396726.372340 sending message 112 to peer 0xbd3c00000 (12 bytes)
1763396726.372349 sending message 112 to peer 0xbd3c00000 (12 bytes)
1763396726.372358 sending message 112 to peer 0xbd3c00000 (12 bytes)
1763396726.372367 sending message 112 to peer 0xbd3c00000 (12 bytes)
1763396726.372375 sending message 112 to peer 0xbd3c00000 (12 bytes)
1763396726.372384 sending message 112 to peer 0xbd3c00000 (11 bytes)
1763396726.372391 sending message 112 to peer 0xbd3c00000 (11 bytes)
1763396726.372400 sending message 112 to peer 0xbd3c00000 (12 bytes)
1763396726.372409 sending message 112 to peer 0xbd3c00000 (12 bytes)
1763396726.372418 sending message 112 to peer 0xbd3c00000 (12 bytes)
1763396726.372427 sending message 112 to peer 0xbd3c00000 (12 bytes)
1763396726.372435 sending message 112 to peer 0xbd3c00000 (12 bytes)
1763396726.372444 sending message 112 to peer 0xbd3c00000 (9 bytes)
1763396726.372452 sending message 112 to peer 0xbd3c00000 (12 bytes)
1763396726.372467 sending message 112 to peer 0xbd3c00000 (13 bytes)
1763396726.372476 sending message 112 to peer 0xbd3c00000 (13 bytes)
1763396726.372485 sending message 112 to peer 0xbd3c00000 (13 bytes)
1763396726.372494 sending message 112 to peer 0xbd3c00000 (13 bytes)
1763396726.372501 sending message 112 to peer 0xbd3c00000 (13 bytes)
1763396726.372509 sending message 112 to peer 0xbd3c00000 (8 bytes)
1763396726.372518 sending message 112 to peer 0xbd3c00000 (11 bytes)
1763396726.372526 sending message 112 to peer 0xbd3c00000 (11 bytes)
1763396726.372534 sending message 112 to peer 0xbd3c00000 (11 bytes)
1763396726.372543 sending message 112 to peer 0xbd3c00000 (12 bytes)
1763396726.372552 sending message 112 to peer 0xbd3c00000 (12 bytes)
1763396726.372560 sending message 112 to peer 0xbd3c00000 (12 bytes)
1763396726.372568 sending message 112 to peer 0xbd3c00000 (12 bytes)
1763396726.372574 sending message 112 to peer 0xbd3c00000 (13 bytes)
1763396726.372581 sending message 112 to peer 0xbd3c00000 (13 bytes)
1763396726.372589 sending message 112 to peer 0xbd3c00000 (13 bytes)
1763396726.372600 sending message 112 to peer 0xbd3c00000 (8 bytes)
1763396726.372609 sending message 112 to peer 0xbd3c00000 (13 bytes)
1763396726.372617 sending message 112 to peer 0xbd3c00000 (13 bytes)
1763396726.372626 sending message 112 to peer 0xbd3c00000 (13 bytes)
1763396726.372634 sending message 112 to peer 0xbd3c00000 (13 bytes)
1763396726.372643 sending message 112 to peer 0xbd3c00000 (13 bytes)
1763396726.372651 sending message 112 to peer 0xbd3c00000 (12 bytes)
1763396726.372659 sending message 112 to peer 0xbd3c00000 (12 bytes)
1763396726.372668 sending message 112 to peer 0xbd3c00000 (12 bytes)
1763396726.372676 sending message 112 to peer 0xbd3c00000 (12 bytes)
1763396726.372685 sending message 112 to peer 0xbd3c00000 (13 bytes)
1763396726.372694 sending message 112 to peer 0xbd3c00000 (8 bytes)
1763396726.372704 sending message 112 to peer 0xbd3c00000 (13 bytes)
1763396726.372712 sending message 112 to peer 0xbd3c00000 (13 bytes)
1763396726.372721 sending message 112 to peer 0xbd3c00000 (13 bytes)
1763396726.372730 sending message 112 to peer 0xbd3c00000 (13 bytes)
1763396726.372740 sending message 112 to peer 0xbd3c00000 (13 bytes)
1763396726.372750 sending message 112 to peer 0xbd3c00000 (13 bytes)
1763396726.372760 sending message 112 to peer 0xbd3c00000 (13 bytes)
1763396726.372767 sending message 112 to peer 0xbd3c00000 (12 bytes)
1763396726.372785 sending message 112 to peer 0xbd3c00000 (12 bytes)
1763396726.372794 sending message 112 to peer 0xbd3c00000 (12 bytes)
1763396726.372802 sending message 112 to peer 0xbd3c00000 (8 bytes)
1763396726.372811 sending message 112 to peer 0xbd3c00000 (12 bytes)
1763396726.372819 sending message 112 to peer 0xbd3c00000 (13 bytes)
1763396726.372827 sending message 112 to peer 0xbd3c00000 (13 bytes)
1763396726.372836 sending message 112 to peer 0xbd3c00000 (13 bytes)
1763396726.372844 sending message 112 to peer 0xbd3c00000 (13 bytes)
1763396726.372851 sending message 112 to peer 0xbd3c00000 (13 bytes)
1763396726.372861 sending message 112 to peer 0xbd3c00000 (13 bytes)
1763396726.372867 sending message 112 to peer 0xbd3c00000 (13 bytes)
1763396726.372875 sending message 112 to peer 0xbd3c00000 (13 bytes)
1763396726.372884 sending message 112 to peer 0xbd3c00000 (12 bytes)
1763396726.372892 sending message 112 to peer 0xbd3c00000 (10 bytes)
1763396726.372901 sending message 112 to peer 0xbd3c00000 (12 bytes)
1763396726.372909 sending message 112 to peer 0xbd3c00000 (12 bytes)
1763396726.372918 sending message 112 to peer 0xbd3c00000 (12 bytes)
1763396726.372926 sending message 112 to peer 0xbd3c00000 (13 bytes)
1763396726.372935 sending message 112 to peer 0xbd3c00000 (13 bytes)
1763396726.372943 sending message 112 to peer 0xbd3c00000 (13 bytes)
1763396726.372951 sending message 112 to peer 0xbd3c00000 (13 bytes)
1763396726.372960 sending message 112 to peer 0xbd3c00000 (13 bytes)
1763396726.372968 sending message 112 to peer 0xbd3c00000 (13 bytes)
1763396726.372976 sending message 112 to peer 0xbd3c00000 (13 bytes)
1763396726.372985 sending message 112 to peer 0xbd3c00000 (10 bytes)
1763396726.372993 sending message 112 to peer 0xbd3c00000 (13 bytes)
1763396726.373002 sending message 112 to peer 0xbd3c00000 (12 bytes)
1763396726.373010 sending message 112 to peer 0xbd3c00000 (12 bytes)
1763396726.373020 sending message 112 to peer 0xbd3c00000 (12 bytes)
1763396726.373027 sending message 112 to peer 0xbd3c00000 (10 bytes)
1763396726.373036 sending message 112 to peer 0xbd3c00000 (10 bytes)
1763396726.373044 sending message 112 to peer 0xbd3c00000 (10 bytes)
1763396726.373053 sending message 112 to peer 0xbd3c00000 (12 bytes)
1763396726.373061 sending message 112 to peer 0xbd3c00000 (13 bytes)
1763396726.373070 sending message 112 to peer 0xbd3c00000 (13 bytes)
1763396726.373078 sending message 112 to peer 0xbd3c00000 (13 bytes)
1763396726.373087 sending message 112 to peer 0xbd3c00000 (13 bytes)
1763396726.373095 sending message 112 to peer 0xbd3c00000 (13 bytes)
1763396726.373103 sending message 112 to peer 0xbd3c00000 (10 bytes)
1763396726.373110 sending message 112 to peer 0xbd3c00000 (11 bytes)
1763396726.373116 sending message 112 to peer 0xbd3c00000 (12 bytes)
1763396726.373124 sending message 112 to peer 0xbd3c00000 (12 bytes)
1763396726.373133 sending message 112 to peer 0xbd3c00000 (12 bytes)
1763396726.373141 sending message 112 to peer 0xbd3c00000 (12 bytes)
1763396726.373151 sending message 112 to peer 0xbd3c00000 (12 bytes)
1763396726.373160 sending message 112 to peer 0xbd3c00000 (11 bytes)
1763396726.373171 sending message 112 to peer 0xbd3c00000 (12 bytes)
1763396726.373180 sending message 112 to peer 0xbd3c00000 (12 bytes)
1763396726.373186 sending message 112 to peer 0xbd3c00000 (13 bytes)
1763396726.373195 sending message 112 to peer 0xbd3c00000 (13 bytes)
1763396726.373203 sending message 112 to peer 0xbd3c00000 (13 bytes)
1763396726.373211 sending message 112 to peer 0xbd3c00000 (13 bytes)
1763396726.373220 sending message 112 to peer 0xbd3c00000 (13 bytes)
1763396726.373228 sending message 112 to peer 0xbd3c00000 (10 bytes)
1763396726.373236 sending message 112 to peer 0xbd3c00000 (9 bytes)
1763396726.373246 sending message 112 to peer 0xbd3c00000 (12 bytes)
1763396726.373255 sending message 112 to peer 0xbd3c00000 (13 bytes)
1763396726.373264 sending message 112 to peer 0xbd3c00000 (13 bytes)
1763396726.373271 sending message 112 to peer 0xbd3c00000 (13 bytes)
1763396726.373279 sending message 112 to peer 0xbd3c00000 (13 bytes)
1763396726.373297 sending message 112 to peer 0xbd3c00000 (13 bytes)
1763396726.373305 sending message 112 to peer 0xbd3c00000 (9 bytes)
1763396726.373314 sending message 112 to peer 0xbd3c00000 (12 bytes)
1763396726.373322 sending message 112 to peer 0xbd3c00000 (13 bytes)
1763396726.373330 sending message 112 to peer 0xbd3c00000 (13 bytes)
1763396726.373338 sending message 112 to peer 0xbd3c00000 (13 bytes)
1763396726.373347 sending message 112 to peer 0xbd3c00000 (13 bytes)
1763396726.373355 sending message 112 to peer 0xbd3c00000 (13 bytes)
1763396726.373363 sending message 112 to peer 0xbd3c00000 (11 bytes)
1763396726.373371 sending message 112 to peer 0xbd3c00000 (12 bytes)
1763396726.373378 sending message 112 to peer 0xbd3c00000 (13 bytes)
1763396726.373387 sending message 112 to peer 0xbd3c00000 (13 bytes)
1763396726.373395 sending message 112 to peer 0xbd3c00000 (13 bytes)
1763396726.373404 sending message 112 to peer 0xbd3c00000 (13 bytes)
1763396726.373412 sending message 112 to peer 0xbd3c00000 (13 bytes)
1763396726.373421 sending message 112 to peer 0xbd3c00000 (11 bytes)
1763396726.373429 sending message 112 to peer 0xbd3c00000 (12 bytes)
1763396726.373439 sending message 112 to peer 0xbd3c00000 (12 bytes)
1763396726.373447 sending message 112 to peer 0xbd3c00000 (12 bytes)
1763396726.373455 sending message 112 to peer 0xbd3c00000 (12 bytes)
1763396726.373464 sending message 112 to peer 0xbd3c00000 (12 bytes)
1763396726.373471 sending message 112 to peer 0xbd3c00000 (21 bytes)
1763396726.373480 sending message 112 to peer 0xbd3c00000 (12 bytes)
1763396726.373488 sending message 112 to peer 0xbd3c00000 (9 bytes)
1763396726.373497 sending message 112 to peer 0xbd3c00000 (6 bytes)
1763396726.373504 sending message 112 to peer 0xbd3c00000 (13 bytes)
1763396726.373513 sending message 112 to peer 0xbd3c00000 (10 bytes)
1763396726.373521 sending message 112 to peer 0xbd3c00000 (15 bytes)
1763396726.373529 sending message 112 to peer 0xbd3c00000 (13 bytes)
1763396726.373538 sending message 112 to peer 0xbd3c00000 (9 bytes)
1763396726.373546 sending message 112 to peer 0xbd3c00000 (70 bytes)
1763396726.373555 sending message 112 to peer 0xbd3c00000 (69 bytes)
1763396726.373563 sending message 112 to peer 0xbd3c00000 (34 bytes)
1763396726.373572 sending message 112 to peer 0xbd3c00000 (34 bytes)
1763396726.373582 sending message 112 to peer 0xbd3c00000 (70 bytes)
1763396726.373592 sending message 112 to peer 0xbd3c00000 (12 bytes)
1763396726.373601 sending message 112 to peer 0xbd3c00000 (10 bytes)
1763396726.373611 sending message 112 to peer 0xbd3c00000 (10 bytes)
1763396726.373621 sending message 112 to peer 0xbd3c00000 (15 bytes)
1763396726.373629 sending message 112 to peer 0xbd3c00000 (13 bytes)
1763396726.373639 sending message 112 to peer 0xbd3c00000 (10 bytes)
1763396726.373645 sending message 112 to peer 0xbd3c00000 (10 bytes)
1763396726.373656 sending message 112 to peer 0xbd3c00000 (17 bytes)
1763396726.373663 sending message 112 to peer 0xbd3c00000 (10 bytes)
1763396726.373672 sending message 112 to peer 0xbd3c00000 (13 bytes)
1763396726.373680 sending message 112 to peer 0xbd3c00000 (32 bytes)
1763396726.373688 sending message 112 to peer 0xbd3c00000 (5 bytes)
1763396726.373697 sending message 112 to peer 0xbd3c00000 (9 bytes)
1763396726.373705 sending message 112 to peer 0xbd3c00000 (15 bytes)
1763396726.373713 sending message 112 to peer 0xbd3c00000 (5 bytes)
1763396726.373724 sending message 104 to peer 0xbd3c00000 (0 bytes)
1763396726.373733 sending message 110 to peer 0xbd3c00000 (0 bytes)
1763396726.373742 sending message 107 to peer 0xbd3c00000 (4 bytes)
1763396726.373751 sending message 105 to peer 0xbd3c00000 (106 bytes)
1763396726.373761 sending message 105 to peer 0xbd3c00000 (75 bytes)
1763396726.373770 sending message 105 to peer 0xbd3c00000 (21 bytes)
1763396726.373780 sending message 105 to peer 0xbd3c00000 (19 bytes)
1763396726.373788 sending message 105 to peer 0xbd3c00000 (15 bytes)
1763396726.373796 sending message 105 to peer 0xbd3c00000 (57 bytes)
1763396726.373817 sending message 105 to peer 0xbd3c00000 (27 bytes)
1763396726.373826 sending message 105 to peer 0xbd3c00000 (10 bytes)
1763396726.373835 sending message 105 to peer 0xbd3c00000 (22 bytes)
1763396726.373843 sending message 105 to peer 0xbd3c00000 (66 bytes)
1763396726.373852 sending message 105 to peer 0xbd3c00000 (32 bytes)
1763396726.373861 sending message 105 to peer 0xbd3c00000 (522 bytes)
1763396726.373869 sending message 105 to peer 0xbd3c00000 (41 bytes)
1763396726.373878 sending message 105 to peer 0xbd3c00000 (54 bytes)
1763396726.373887 sending message 105 to peer 0xbd3c00000 (43 bytes)
1763396726.373895 sending message 105 to peer 0xbd3c00000 (30 bytes)
1763396726.373903 sending message 105 to peer 0xbd3c00000 (17 bytes)
1763396726.373912 sending message 105 to peer 0xbd3c00000 (14 bytes)
1763396726.373921 sending message 105 to peer 0xbd3c00000 (19 bytes)
1763396726.373930 sending message 105 to peer 0xbd3c00000 (8 bytes)
1763396726.373939 sending message 105 to peer 0xbd3c00000 (17 bytes)
1763396726.373948 sending message 105 to peer 0xbd3c00000 (63 bytes)
1763396726.373956 sending message 105 to peer 0xbd3c00000 (13 bytes)
1763396726.373965 sending message 105 to peer 0xbd3c00000 (98 bytes)
1763396726.373975 sending message 105 to peer 0xbd3c00000 (57 bytes)
1763396726.373984 sending message 105 to peer 0xbd3c00000 (18 bytes)
1763396726.373994 sending message 105 to peer 0xbd3c00000 (24 bytes)
1763396726.374003 sending message 105 to peer 0xbd3c00000 (20 bytes)
1763396726.374013 sending message 105 to peer 0xbd3c00000 (19 bytes)
1763396726.374020 sending message 105 to peer 0xbd3c00000 (30 bytes)
1763396726.374028 sending message 105 to peer 0xbd3c00000 (37 bytes)
1763396726.374037 sending message 105 to peer 0xbd3c00000 (34 bytes)
1763396726.374045 sending message 105 to peer 0xbd3c00000 (35 bytes)
1763396726.374053 sending message 105 to peer 0xbd3c00000 (19 bytes)
1763396726.374063 sending message 105 to peer 0xbd3c00000 (38 bytes)
1763396726.374069 sending message 105 to peer 0xbd3c00000 (64 bytes)
1763396726.374077 sending message 105 to peer 0xbd3c00000 (16 bytes)
1763396726.374085 sending message 105 to peer 0xbd3c00000 (16 bytes)
1763396726.374094 sending message 105 to peer 0xbd3c00000 (85 bytes)
1763396726.374102 sending message 105 to peer 0xbd3c00000 (85 bytes)
1763396726.374111 sending message 105 to peer 0xbd3c00000 (85 bytes)
1763396726.374120 sending message 105 to peer 0xbd3c00000 (85 bytes)
1763396726.374128 sending message 105 to peer 0xbd3c00000 (85 bytes)
1763396726.374136 sending message 105 to peer 0xbd3c00000 (85 bytes)
1763396726.374144 sending message 105 to peer 0xbd3c00000 (85 bytes)
1763396726.374151 sending message 105 to peer 0xbd3c00000 (25 bytes)
1763396726.374157 sending message 106 to peer 0xbd3c00000 (0 bytes)
1763396726.374256 sending message 200 to peer 0xbd3c00000 (4 bytes)
1763396726.374268 client loop enter
1763396726.374301 client_signal: Child exited: 20
1763396726.453928 peer 0xbd3c00000 message 207
1763396726.453936 sending message 208 to peer 0xbd3c00000 (0 bytes)
1763396734.538961 client_signal: Hangup: 1
1763396734.538987 sending message 205 to peer 0xbd3c00000 (0 bytes)
1763396734.542334 client loop exit
