1763396729.656333 client started (50015): version 3.5a, socket /private/tmp/tmux-501/default, protocol 8
1763396729.656384 on Darwin 25.1.0 Darwin Kernel Version 25.1.0: Mon Oct 20 19:32:47 PDT 2025; root:xnu-12377.41.6~2/RELEASE_ARM64_T8103
1763396729.656395 using libevent 2.1.12-stable select
1763396729.656407 using utf8proc 2.11.1
1763396729.656415 using ncurses 6.5 20240427
1763396729.656435 flags are 0x10010000
1763396729.656444 socket is /private/tmp/tmux-501/default
1763396729.656461 trying connect
1763396729.656512 add peer 0xb3941c000: 6 (0x0)
1763396729.659135 sending message 111 to peer 0xb3941c000 (8 bytes)
1763396729.659154 sending message 111 to peer 0xb3941c000 (8 bytes)
1763396729.659163 sending message 101 to peer 0xb3941c000 (14 bytes)
1763396729.659171 sending message 109 to peer 0xb3941c000 (4 bytes)
1763396729.659179 sending message 102 to peer 0xb3941c000 (13 bytes)
1763396729.659186 sending message 108 to peer 0xb3941c000 (26 bytes)
1763396729.659193 sending message 112 to peer 0xb3941c000 (70 bytes)
1763396729.659201 sending message 112 to peer 0xb3941c000 (5 bytes)
1763396729.659208 sending message 112 to peer 0xb3941c000 (5 bytes)
1763396729.659219 sending message 112 to peer 0xb3941c000 (6 bytes)
1763396729.659227 sending message 112 to peer 0xb3941c000 (6 bytes)
1763396729.659235 sending message 112 to peer 0xb3941c000 (11 bytes)
1763396729.659242 sending message 112 to peer 0xb3941c000 (10 bytes)
1763396729.659249 sending message 112 to peer 0xb3941c000 (13 bytes)
1763396729.659256 sending message 112 to peer 0xb3941c000 (13 bytes)
1763396729.659263 sending message 112 to peer 0xb3941c000 (18 bytes)
1763396729.659270 sending message 112 to peer 0xb3941c000 (11 bytes)
1763396729.659277 sending message 112 to peer 0xb3941c000 (10 bytes)
1763396729.659284 sending message 112 to peer 0xb3941c000 (15 bytes)
1763396729.659291 sending message 112 to peer 0xb3941c000 (21 bytes)
1763396729.659298 sending message 112 to peer 0xb3941c000 (13 bytes)
1763396729.659305 sending message 112 to peer 0xb3941c000 (7 bytes)
1763396729.659312 sending message 112 to peer 0xb3941c000 (13 bytes)
1763396729.659319 sending message 112 to peer 0xb3941c000 (7 bytes)
1763396729.659326 sending message 112 to peer 0xb3941c000 (13 bytes)
1763396729.659332 sending message 112 to peer 0xb3941c000 (9 bytes)
1763396729.659339 sending message 112 to peer 0xb3941c000 (21 bytes)
1763396729.659346 sending message 112 to peer 0xb3941c000 (13 bytes)
1763396729.659353 sending message 112 to peer 0xb3941c000 (8 bytes)
1763396729.659359 sending message 112 to peer 0xb3941c000 (12 bytes)
1763396729.659366 sending message 112 to peer 0xb3941c000 (13 bytes)
1763396729.659373 sending message 112 to peer 0xb3941c000 (9 bytes)
1763396729.659380 sending message 112 to peer 0xb3941c000 (9 bytes)
1763396729.659386 sending message 112 to peer 0xb3941c000 (12 bytes)
1763396729.659393 sending message 112 to peer 0xb3941c000 (8 bytes)
1763396729.659400 sending message 112 to peer 0xb3941c000 (8 bytes)
1763396729.659407 sending message 112 to peer 0xb3941c000 (7 bytes)
1763396729.659413 sending message 112 to peer 0xb3941c000 (7 bytes)
1763396729.659420 sending message 112 to peer 0xb3941c000 (9 bytes)
1763396729.659427 sending message 112 to peer 0xb3941c000 (13 bytes)
1763396729.659434 sending message 112 to peer 0xb3941c000 (6 bytes)
1763396729.659441 sending message 112 to peer 0xb3941c000 (9 bytes)
1763396729.659447 sending message 112 to peer 0xb3941c000 (15 bytes)
1763396729.659454 sending message 112 to peer 0xb3941c000 (13 bytes)
1763396729.659461 sending message 112 to peer 0xb3941c000 (12 bytes)
1763396729.659467 sending message 112 to peer 0xb3941c000 (8 bytes)
1763396729.659474 sending message 112 to peer 0xb3941c000 (14 bytes)
1763396729.659481 sending message 112 to peer 0xb3941c000 (11 bytes)
1763396729.659488 sending message 112 to peer 0xb3941c000 (9 bytes)
1763396729.659495 sending message 112 to peer 0xb3941c000 (10 bytes)
1763396729.659501 sending message 112 to peer 0xb3941c000 (10 bytes)
1763396729.659508 sending message 112 to peer 0xb3941c000 (10 bytes)
1763396729.659526 sending message 112 to peer 0xb3941c000 (10 bytes)
1763396729.659532 sending message 112 to peer 0xb3941c000 (11 bytes)
1763396729.659538 sending message 112 to peer 0xb3941c000 (12 bytes)
1763396729.659543 sending message 112 to peer 0xb3941c000 (12 bytes)
1763396729.659548 sending message 112 to peer 0xb3941c000 (12 bytes)
1763396729.659554 sending message 112 to peer 0xb3941c000 (12 bytes)
1763396729.659559 sending message 112 to peer 0xb3941c000 (12 bytes)
1763396729.659564 sending message 112 to peer 0xb3941c000 (11 bytes)
1763396729.659575 sending message 112 to peer 0xb3941c000 (11 bytes)
1763396729.659581 sending message 112 to peer 0xb3941c000 (12 bytes)
1763396729.659586 sending message 112 to peer 0xb3941c000 (12 bytes)
1763396729.659592 sending message 112 to peer 0xb3941c000 (12 bytes)
1763396729.659597 sending message 112 to peer 0xb3941c000 (12 bytes)
1763396729.659602 sending message 112 to peer 0xb3941c000 (12 bytes)
1763396729.659607 sending message 112 to peer 0xb3941c000 (10 bytes)
1763396729.659612 sending message 112 to peer 0xb3941c000 (12 bytes)
1763396729.659618 sending message 112 to peer 0xb3941c000 (13 bytes)
1763396729.659623 sending message 112 to peer 0xb3941c000 (13 bytes)
1763396729.659628 sending message 112 to peer 0xb3941c000 (13 bytes)
1763396729.659633 sending message 112 to peer 0xb3941c000 (13 bytes)
1763396729.659639 sending message 112 to peer 0xb3941c000 (13 bytes)
1763396729.659644 sending message 112 to peer 0xb3941c000 (8 bytes)
1763396729.659649 sending message 112 to peer 0xb3941c000 (11 bytes)
1763396729.659654 sending message 112 to peer 0xb3941c000 (11 bytes)
1763396729.659660 sending message 112 to peer 0xb3941c000 (11 bytes)
1763396729.659665 sending message 112 to peer 0xb3941c000 (12 bytes)
1763396729.659670 sending message 112 to peer 0xb3941c000 (12 bytes)
1763396729.659675 sending message 112 to peer 0xb3941c000 (12 bytes)
1763396729.659680 sending message 112 to peer 0xb3941c000 (12 bytes)
1763396729.659686 sending message 112 to peer 0xb3941c000 (13 bytes)
1763396729.659691 sending message 112 to peer 0xb3941c000 (13 bytes)
1763396729.659696 sending message 112 to peer 0xb3941c000 (13 bytes)
1763396729.659701 sending message 112 to peer 0xb3941c000 (8 bytes)
1763396729.659707 sending message 112 to peer 0xb3941c000 (13 bytes)
1763396729.659712 sending message 112 to peer 0xb3941c000 (13 bytes)
1763396729.659717 sending message 112 to peer 0xb3941c000 (13 bytes)
1763396729.659722 sending message 112 to peer 0xb3941c000 (13 bytes)
1763396729.659727 sending message 112 to peer 0xb3941c000 (13 bytes)
1763396729.659733 sending message 112 to peer 0xb3941c000 (12 bytes)
1763396729.659738 sending message 112 to peer 0xb3941c000 (12 bytes)
1763396729.659743 sending message 112 to peer 0xb3941c000 (12 bytes)
1763396729.659748 sending message 112 to peer 0xb3941c000 (12 bytes)
1763396729.659753 sending message 112 to peer 0xb3941c000 (13 bytes)
1763396729.659759 sending message 112 to peer 0xb3941c000 (8 bytes)
1763396729.659764 sending message 112 to peer 0xb3941c000 (13 bytes)
1763396729.659769 sending message 112 to peer 0xb3941c000 (13 bytes)
1763396729.659774 sending message 112 to peer 0xb3941c000 (13 bytes)
1763396729.659779 sending message 112 to peer 0xb3941c000 (13 bytes)
1763396729.659785 sending message 112 to peer 0xb3941c000 (13 bytes)
1763396729.659790 sending message 112 to peer 0xb3941c000 (13 bytes)
1763396729.659795 sending message 112 to peer 0xb3941c000 (13 bytes)
1763396729.659800 sending message 112 to peer 0xb3941c000 (12 bytes)
1763396729.659805 sending message 112 to peer 0xb3941c000 (12 bytes)
1763396729.659811 sending message 112 to peer 0xb3941c000 (12 bytes)
1763396729.659816 sending message 112 to peer 0xb3941c000 (8 bytes)
1763396729.659821 sending message 112 to peer 0xb3941c000 (12 bytes)
1763396729.659826 sending message 112 to peer 0xb3941c000 (13 bytes)
1763396729.659831 sending message 112 to peer 0xb3941c000 (13 bytes)
1763396729.659836 sending message 112 to peer 0xb3941c000 (13 bytes)
1763396729.659842 sending message 112 to peer 0xb3941c000 (13 bytes)
1763396729.659860 sending message 112 to peer 0xb3941c000 (13 bytes)
1763396729.659865 sending message 112 to peer 0xb3941c000 (13 bytes)
1763396729.659871 sending message 112 to peer 0xb3941c000 (13 bytes)
1763396729.659876 sending message 112 to peer 0xb3941c000 (13 bytes)
1763396729.659881 sending message 112 to peer 0xb3941c000 (12 bytes)
1763396729.659887 sending message 112 to peer 0xb3941c000 (10 bytes)
1763396729.659892 sending message 112 to peer 0xb3941c000 (12 bytes)
1763396729.659897 sending message 112 to peer 0xb3941c000 (12 bytes)
1763396729.659902 sending message 112 to peer 0xb3941c000 (12 bytes)
1763396729.659907 sending message 112 to peer 0xb3941c000 (13 bytes)
1763396729.659913 sending message 112 to peer 0xb3941c000 (13 bytes)
1763396729.659918 sending message 112 to peer 0xb3941c000 (13 bytes)
1763396729.659923 sending message 112 to peer 0xb3941c000 (13 bytes)
1763396729.659928 sending message 112 to peer 0xb3941c000 (13 bytes)
1763396729.659934 sending message 112 to peer 0xb3941c000 (13 bytes)
1763396729.659939 sending message 112 to peer 0xb3941c000 (13 bytes)
1763396729.659944 sending message 112 to peer 0xb3941c000 (10 bytes)
1763396729.659949 sending message 112 to peer 0xb3941c000 (13 bytes)
1763396729.659955 sending message 112 to peer 0xb3941c000 (12 bytes)
1763396729.659960 sending message 112 to peer 0xb3941c000 (12 bytes)
1763396729.659965 sending message 112 to peer 0xb3941c000 (12 bytes)
1763396729.659970 sending message 112 to peer 0xb3941c000 (10 bytes)
1763396729.659975 sending message 112 to peer 0xb3941c000 (10 bytes)
1763396729.659981 sending message 112 to peer 0xb3941c000 (10 bytes)
1763396729.659986 sending message 112 to peer 0xb3941c000 (12 bytes)
1763396729.659991 sending message 112 to peer 0xb3941c000 (13 bytes)
1763396729.659996 sending message 112 to peer 0xb3941c000 (13 bytes)
1763396729.660002 sending message 112 to peer 0xb3941c000 (13 bytes)
1763396729.660007 sending message 112 to peer 0xb3941c000 (13 bytes)
1763396729.660012 sending message 112 to peer 0xb3941c000 (13 bytes)
1763396729.660017 sending message 112 to peer 0xb3941c000 (11 bytes)
1763396729.660023 sending message 112 to peer 0xb3941c000 (11 bytes)
1763396729.660028 sending message 112 to peer 0xb3941c000 (12 bytes)
1763396729.660033 sending message 112 to peer 0xb3941c000 (12 bytes)
1763396729.660038 sending message 112 to peer 0xb3941c000 (12 bytes)
1763396729.660043 sending message 112 to peer 0xb3941c000 (12 bytes)
1763396729.660049 sending message 112 to peer 0xb3941c000 (12 bytes)
1763396729.660054 sending message 112 to peer 0xb3941c000 (11 bytes)
1763396729.660059 sending message 112 to peer 0xb3941c000 (12 bytes)
1763396729.660064 sending message 112 to peer 0xb3941c000 (12 bytes)
1763396729.660069 sending message 112 to peer 0xb3941c000 (13 bytes)
1763396729.660074 sending message 112 to peer 0xb3941c000 (13 bytes)
1763396729.660080 sending message 112 to peer 0xb3941c000 (13 bytes)
1763396729.660085 sending message 112 to peer 0xb3941c000 (13 bytes)
1763396729.660090 sending message 112 to peer 0xb3941c000 (13 bytes)
1763396729.660095 sending message 112 to peer 0xb3941c000 (10 bytes)
1763396729.660100 sending message 112 to peer 0xb3941c000 (9 bytes)
1763396729.660106 sending message 112 to peer 0xb3941c000 (12 bytes)
1763396729.660111 sending message 112 to peer 0xb3941c000 (13 bytes)
1763396729.660116 sending message 112 to peer 0xb3941c000 (13 bytes)
1763396729.660121 sending message 112 to peer 0xb3941c000 (13 bytes)
1763396729.660126 sending message 112 to peer 0xb3941c000 (13 bytes)
1763396729.660131 sending message 112 to peer 0xb3941c000 (13 bytes)
1763396729.660137 sending message 112 to peer 0xb3941c000 (9 bytes)
1763396729.660142 sending message 112 to peer 0xb3941c000 (12 bytes)
1763396729.660147 sending message 112 to peer 0xb3941c000 (13 bytes)
1763396729.660152 sending message 112 to peer 0xb3941c000 (13 bytes)
1763396729.660157 sending message 112 to peer 0xb3941c000 (13 bytes)
1763396729.660162 sending message 112 to peer 0xb3941c000 (13 bytes)
1763396729.660174 sending message 112 to peer 0xb3941c000 (13 bytes)
1763396729.660180 sending message 112 to peer 0xb3941c000 (11 bytes)
1763396729.660185 sending message 112 to peer 0xb3941c000 (12 bytes)
1763396729.660190 sending message 112 to peer 0xb3941c000 (13 bytes)
1763396729.660195 sending message 112 to peer 0xb3941c000 (13 bytes)
1763396729.660200 sending message 112 to peer 0xb3941c000 (13 bytes)
1763396729.660206 sending message 112 to peer 0xb3941c000 (13 bytes)
1763396729.660211 sending message 112 to peer 0xb3941c000 (13 bytes)
1763396729.660216 sending message 112 to peer 0xb3941c000 (11 bytes)
1763396729.660221 sending message 112 to peer 0xb3941c000 (12 bytes)
1763396729.660227 sending message 112 to peer 0xb3941c000 (12 bytes)
1763396729.660232 sending message 112 to peer 0xb3941c000 (12 bytes)
1763396729.660237 sending message 112 to peer 0xb3941c000 (12 bytes)
1763396729.660242 sending message 112 to peer 0xb3941c000 (12 bytes)
1763396729.660247 sending message 112 to peer 0xb3941c000 (21 bytes)
1763396729.660253 sending message 112 to peer 0xb3941c000 (12 bytes)
1763396729.660258 sending message 112 to peer 0xb3941c000 (9 bytes)
1763396729.660263 sending message 112 to peer 0xb3941c000 (6 bytes)
1763396729.660269 sending message 112 to peer 0xb3941c000 (13 bytes)
1763396729.660274 sending message 112 to peer 0xb3941c000 (8 bytes)
1763396729.660279 sending message 112 to peer 0xb3941c000 (15 bytes)
1763396729.660284 sending message 112 to peer 0xb3941c000 (13 bytes)
1763396729.660289 sending message 112 to peer 0xb3941c000 (9 bytes)
1763396729.660295 sending message 112 to peer 0xb3941c000 (70 bytes)
1763396729.660300 sending message 112 to peer 0xb3941c000 (69 bytes)
1763396729.660305 sending message 112 to peer 0xb3941c000 (10 bytes)
1763396729.660310 sending message 112 to peer 0xb3941c000 (10 bytes)
1763396729.660316 sending message 112 to peer 0xb3941c000 (8 bytes)
1763396729.660321 sending message 112 to peer 0xb3941c000 (15 bytes)
1763396729.660326 sending message 112 to peer 0xb3941c000 (13 bytes)
1763396729.660331 sending message 112 to peer 0xb3941c000 (10 bytes)
1763396729.660336 sending message 112 to peer 0xb3941c000 (10 bytes)
1763396729.660342 sending message 112 to peer 0xb3941c000 (17 bytes)
1763396729.660347 sending message 112 to peer 0xb3941c000 (10 bytes)
1763396729.660352 sending message 112 to peer 0xb3941c000 (13 bytes)
1763396729.660357 sending message 112 to peer 0xb3941c000 (9 bytes)
1763396729.660362 sending message 112 to peer 0xb3941c000 (5 bytes)
1763396729.660368 sending message 112 to peer 0xb3941c000 (15 bytes)
1763396729.660380 sending message 104 to peer 0xb3941c000 (0 bytes)
1763396729.660387 sending message 110 to peer 0xb3941c000 (0 bytes)
1763396729.660392 sending message 107 to peer 0xb3941c000 (4 bytes)
1763396729.660397 sending message 105 to peer 0xb3941c000 (20 bytes)
1763396729.660403 sending message 105 to peer 0xb3941c000 (22 bytes)
1763396729.660408 sending message 105 to peer 0xb3941c000 (57 bytes)
1763396729.660414 sending message 105 to peer 0xb3941c000 (75 bytes)
1763396729.660419 sending message 105 to peer 0xb3941c000 (41 bytes)
1763396729.660425 sending message 105 to peer 0xb3941c000 (85 bytes)
1763396729.660430 sending message 105 to peer 0xb3941c000 (85 bytes)
1763396729.660435 sending message 105 to peer 0xb3941c000 (85 bytes)
1763396729.660441 sending message 105 to peer 0xb3941c000 (85 bytes)
1763396729.660446 sending message 105 to peer 0xb3941c000 (85 bytes)
1763396729.660451 sending message 105 to peer 0xb3941c000 (85 bytes)
1763396729.660457 sending message 105 to peer 0xb3941c000 (85 bytes)
1763396729.660462 sending message 105 to peer 0xb3941c000 (17 bytes)
1763396729.660467 sending message 105 to peer 0xb3941c000 (37 bytes)
1763396729.660473 sending message 105 to peer 0xb3941c000 (30 bytes)
1763396729.660478 sending message 105 to peer 0xb3941c000 (34 bytes)
1763396729.660483 sending message 105 to peer 0xb3941c000 (60 bytes)
1763396729.660489 sending message 105 to peer 0xb3941c000 (17 bytes)
1763396729.660506 sending message 105 to peer 0xb3941c000 (13 bytes)
1763396729.660512 sending message 105 to peer 0xb3941c000 (54 bytes)
1763396729.660517 sending message 105 to peer 0xb3941c000 (106 bytes)
1763396729.660523 sending message 105 to peer 0xb3941c000 (16 bytes)
1763396729.660528 sending message 105 to peer 0xb3941c000 (64 bytes)
1763396729.660534 sending message 105 to peer 0xb3941c000 (16 bytes)
1763396729.660539 sending message 105 to peer 0xb3941c000 (33 bytes)
1763396729.660544 sending message 105 to peer 0xb3941c000 (18 bytes)
1763396729.660550 sending message 105 to peer 0xb3941c000 (638 bytes)
1763396729.660556 sending message 105 to peer 0xb3941c000 (30 bytes)
1763396729.660561 sending message 105 to peer 0xb3941c000 (24 bytes)
1763396729.660566 sending message 105 to peer 0xb3941c000 (15 bytes)
1763396729.660572 sending message 105 to peer 0xb3941c000 (8 bytes)
1763396729.660577 sending message 105 to peer 0xb3941c000 (66 bytes)
1763396729.660582 sending message 105 to peer 0xb3941c000 (38 bytes)
1763396729.660588 sending message 105 to peer 0xb3941c000 (19 bytes)
1763396729.660593 sending message 105 to peer 0xb3941c000 (19 bytes)
1763396729.660598 sending message 105 to peer 0xb3941c000 (63 bytes)
1763396729.660604 sending message 105 to peer 0xb3941c000 (18 bytes)
1763396729.660609 sending message 105 to peer 0xb3941c000 (26 bytes)
1763396729.660614 sending message 105 to peer 0xb3941c000 (57 bytes)
1763396729.660620 sending message 105 to peer 0xb3941c000 (43 bytes)
1763396729.660625 sending message 105 to peer 0xb3941c000 (13 bytes)
1763396729.660630 sending message 105 to peer 0xb3941c000 (10 bytes)
1763396729.660635 sending message 105 to peer 0xb3941c000 (98 bytes)
1763396729.660641 sending message 105 to peer 0xb3941c000 (14 bytes)
1763396729.660646 sending message 105 to peer 0xb3941c000 (19 bytes)
1763396729.660651 sending message 105 to peer 0xb3941c000 (43 bytes)
1763396729.660657 sending message 105 to peer 0xb3941c000 (32 bytes)
1763396729.660665 sending message 105 to peer 0xb3941c000 (82 bytes)
1763396729.660671 sending message 105 to peer 0xb3941c000 (25 bytes)
1763396729.660677 sending message 106 to peer 0xb3941c000 (0 bytes)
1763396729.660778 sending message 200 to peer 0xb3941c000 (4 bytes)
1763396729.660787 client loop enter
1763396729.664104 peer 0xb3941c000 message 303
1763396729.664116 open write file 2 -
1763396729.664132 sending message 305 to peer 0xb3941c000 (8 bytes)
1763396729.664151 write check file 2
1763396729.664243 peer 0xb3941c000 message 304
1763396729.664251 write 58 to file 2
1763396729.664260 peer 0xb3941c000 message 203
1763396729.664268 file 2 58 bytes left
1763396729.664285 write check file 2
1763396729.664292 client loop exit
