1763396741.982789 client started (50165): version 3.5a, socket /private/tmp/tmux-501/default, protocol 8
1763396741.982868 on Darwin 25.1.0 Darwin Kernel Version 25.1.0: Mon Oct 20 19:32:47 PDT 2025; root:xnu-12377.41.6~2/RELEASE_ARM64_T8103
1763396741.982883 using libevent 2.1.12-stable select
1763396741.982900 using utf8proc 2.11.1
1763396741.982910 using ncurses 6.5 20240427
1763396741.982935 flags are 0x18010000
1763396741.982946 socket is /private/tmp/tmux-501/default
1763396741.982963 trying connect
1763396741.983020 add peer 0xbd941c000: 6 (0x0)
1763396741.986149 sending message 111 to peer 0xbd941c000 (8 bytes)
1763396741.986176 sending message 111 to peer 0xbd941c000 (8 bytes)
1763396741.986186 sending message 101 to peer 0xbd941c000 (14 bytes)
1763396741.986196 sending message 109 to peer 0xbd941c000 (4 bytes)
1763396741.986206 sending message 102 to peer 0xbd941c000 (13 bytes)
1763396741.986215 sending message 108 to peer 0xbd941c000 (26 bytes)
1763396741.986224 sending message 112 to peer 0xbd941c000 (70 bytes)
1763396741.986233 sending message 112 to peer 0xbd941c000 (5 bytes)
1763396741.986242 sending message 112 to peer 0xbd941c000 (5 bytes)
1763396741.986265 sending message 112 to peer 0xbd941c000 (6 bytes)
1763396741.986274 sending message 112 to peer 0xbd941c000 (6 bytes)
1763396741.986284 sending message 112 to peer 0xbd941c000 (11 bytes)
1763396741.986292 sending message 112 to peer 0xbd941c000 (10 bytes)
1763396741.986301 sending message 112 to peer 0xbd941c000 (13 bytes)
1763396741.986310 sending message 112 to peer 0xbd941c000 (14 bytes)
1763396741.986350 sending message 112 to peer 0xbd941c000 (9 bytes)
1763396741.986359 sending message 112 to peer 0xbd941c000 (21 bytes)
1763396741.986368 sending message 112 to peer 0xbd941c000 (19 bytes)
1763396741.986376 sending message 112 to peer 0xbd941c000 (11 bytes)
1763396741.986385 sending message 112 to peer 0xbd941c000 (21 bytes)
1763396741.986393 sending message 112 to peer 0xbd941c000 (13 bytes)
1763396741.986401 sending message 112 to peer 0xbd941c000 (7 bytes)
1763396741.986410 sending message 112 to peer 0xbd941c000 (13 bytes)
1763396741.986418 sending message 112 to peer 0xbd941c000 (7 bytes)
1763396741.986426 sending message 112 to peer 0xbd941c000 (13 bytes)
1763396741.986435 sending message 112 to peer 0xbd941c000 (9 bytes)
1763396741.986443 sending message 112 to peer 0xbd941c000 (21 bytes)
1763396741.986451 sending message 112 to peer 0xbd941c000 (13 bytes)
1763396741.986459 sending message 112 to peer 0xbd941c000 (9 bytes)
1763396741.986467 sending message 112 to peer 0xbd941c000 (16 bytes)
1763396741.986475 sending message 112 to peer 0xbd941c000 (13 bytes)
1763396741.986483 sending message 112 to peer 0xbd941c000 (9 bytes)
1763396741.986492 sending message 112 to peer 0xbd941c000 (9 bytes)
1763396741.986500 sending message 112 to peer 0xbd941c000 (12 bytes)
1763396741.986508 sending message 112 to peer 0xbd941c000 (8 bytes)
1763396741.986516 sending message 112 to peer 0xbd941c000 (12 bytes)
1763396741.986524 sending message 112 to peer 0xbd941c000 (8 bytes)
1763396741.986532 sending message 112 to peer 0xbd941c000 (13 bytes)
1763396741.986540 sending message 112 to peer 0xbd941c000 (7 bytes)
1763396741.986549 sending message 112 to peer 0xbd941c000 (7 bytes)
1763396741.986557 sending message 112 to peer 0xbd941c000 (9 bytes)
1763396741.986565 sending message 112 to peer 0xbd941c000 (12 bytes)
1763396741.986573 sending message 112 to peer 0xbd941c000 (6 bytes)
1763396741.986581 sending message 112 to peer 0xbd941c000 (9 bytes)
1763396741.986590 sending message 112 to peer 0xbd941c000 (15 bytes)
1763396741.986598 sending message 112 to peer 0xbd941c000 (13 bytes)
1763396741.986606 sending message 112 to peer 0xbd941c000 (9 bytes)
1763396741.986614 sending message 112 to peer 0xbd941c000 (12 bytes)
1763396741.986622 sending message 112 to peer 0xbd941c000 (8 bytes)
1763396741.986630 sending message 112 to peer 0xbd941c000 (14 bytes)
1763396741.986638 sending message 112 to peer 0xbd941c000 (11 bytes)
1763396741.986646 sending message 112 to peer 0xbd941c000 (9 bytes)
1763396741.986679 sending message 112 to peer 0xbd941c000 (10 bytes)
1763396741.986686 sending message 112 to peer 0xbd941c000 (10 bytes)
1763396741.986693 sending message 112 to peer 0xbd941c000 (10 bytes)
1763396741.986699 sending message 112 to peer 0xbd941c000 (10 bytes)
1763396741.986706 sending message 112 to peer 0xbd941c000 (11 bytes)
1763396741.986712 sending message 112 to peer 0xbd941c000 (12 bytes)
1763396741.986719 sending message 112 to peer 0xbd941c000 (12 bytes)
1763396741.986725 sending message 112 to peer 0xbd941c000 (12 bytes)
1763396741.986731 sending message 112 to peer 0xbd941c000 (12 bytes)
1763396741.986738 sending message 112 to peer 0xbd941c000 (12 bytes)
1763396741.986744 sending message 112 to peer 0xbd941c000 (11 bytes)
1763396741.986751 sending message 112 to peer 0xbd941c000 (11 bytes)
1763396741.986757 sending message 112 to peer 0xbd941c000 (12 bytes)
1763396741.986763 sending message 112 to peer 0xbd941c000 (12 bytes)
1763396741.986770 sending message 112 to peer 0xbd941c000 (12 bytes)
1763396741.986776 sending message 112 to peer 0xbd941c000 (12 bytes)
1763396741.986783 sending message 112 to peer 0xbd941c000 (12 bytes)
1763396741.986789 sending message 112 to peer 0xbd941c000 (9 bytes)
1763396741.986795 sending message 112 to peer 0xbd941c000 (12 bytes)
1763396741.986801 sending message 112 to peer 0xbd941c000 (13 bytes)
1763396741.986808 sending message 112 to peer 0xbd941c000 (13 bytes)
1763396741.986814 sending message 112 to peer 0xbd941c000 (13 bytes)
1763396741.986820 sending message 112 to peer 0xbd941c000 (13 bytes)
1763396741.986827 sending message 112 to peer 0xbd941c000 (13 bytes)
1763396741.986833 sending message 112 to peer 0xbd941c000 (8 bytes)
1763396741.986840 sending message 112 to peer 0xbd941c000 (11 bytes)
1763396741.986846 sending message 112 to peer 0xbd941c000 (11 bytes)
1763396741.986852 sending message 112 to peer 0xbd941c000 (11 bytes)
1763396741.986858 sending message 112 to peer 0xbd941c000 (12 bytes)
1763396741.986865 sending message 112 to peer 0xbd941c000 (12 bytes)
1763396741.986871 sending message 112 to peer 0xbd941c000 (12 bytes)
1763396741.986877 sending message 112 to peer 0xbd941c000 (12 bytes)
1763396741.986884 sending message 112 to peer 0xbd941c000 (13 bytes)
1763396741.986890 sending message 112 to peer 0xbd941c000 (13 bytes)
1763396741.986896 sending message 112 to peer 0xbd941c000 (13 bytes)
1763396741.986903 sending message 112 to peer 0xbd941c000 (8 bytes)
1763396741.986909 sending message 112 to peer 0xbd941c000 (13 bytes)
1763396741.986915 sending message 112 to peer 0xbd941c000 (13 bytes)
1763396741.986922 sending message 112 to peer 0xbd941c000 (13 bytes)
1763396741.986928 sending message 112 to peer 0xbd941c000 (13 bytes)
1763396741.986934 sending message 112 to peer 0xbd941c000 (13 bytes)
1763396741.986940 sending message 112 to peer 0xbd941c000 (12 bytes)
1763396741.986947 sending message 112 to peer 0xbd941c000 (12 bytes)
1763396741.986953 sending message 112 to peer 0xbd941c000 (12 bytes)
1763396741.986959 sending message 112 to peer 0xbd941c000 (12 bytes)
1763396741.986966 sending message 112 to peer 0xbd941c000 (13 bytes)
1763396741.986972 sending message 112 to peer 0xbd941c000 (8 bytes)
1763396741.986978 sending message 112 to peer 0xbd941c000 (13 bytes)
1763396741.986985 sending message 112 to peer 0xbd941c000 (13 bytes)
1763396741.986991 sending message 112 to peer 0xbd941c000 (13 bytes)
1763396741.986997 sending message 112 to peer 0xbd941c000 (13 bytes)
1763396741.987004 sending message 112 to peer 0xbd941c000 (13 bytes)
1763396741.987010 sending message 112 to peer 0xbd941c000 (13 bytes)
1763396741.987016 sending message 112 to peer 0xbd941c000 (13 bytes)
1763396741.987023 sending message 112 to peer 0xbd941c000 (12 bytes)
1763396741.987029 sending message 112 to peer 0xbd941c000 (12 bytes)
1763396741.987035 sending message 112 to peer 0xbd941c000 (12 bytes)
1763396741.987042 sending message 112 to peer 0xbd941c000 (8 bytes)
1763396741.987048 sending message 112 to peer 0xbd941c000 (12 bytes)
1763396741.987054 sending message 112 to peer 0xbd941c000 (13 bytes)
1763396741.987075 sending message 112 to peer 0xbd941c000 (13 bytes)
1763396741.987081 sending message 112 to peer 0xbd941c000 (13 bytes)
1763396741.987088 sending message 112 to peer 0xbd941c000 (13 bytes)
1763396741.987094 sending message 112 to peer 0xbd941c000 (13 bytes)
1763396741.987101 sending message 112 to peer 0xbd941c000 (13 bytes)
1763396741.987107 sending message 112 to peer 0xbd941c000 (13 bytes)
1763396741.987113 sending message 112 to peer 0xbd941c000 (13 bytes)
1763396741.987120 sending message 112 to peer 0xbd941c000 (12 bytes)
1763396741.987126 sending message 112 to peer 0xbd941c000 (10 bytes)
1763396741.987132 sending message 112 to peer 0xbd941c000 (12 bytes)
1763396741.987139 sending message 112 to peer 0xbd941c000 (12 bytes)
1763396741.987145 sending message 112 to peer 0xbd941c000 (12 bytes)
1763396741.987151 sending message 112 to peer 0xbd941c000 (13 bytes)
1763396741.987158 sending message 112 to peer 0xbd941c000 (13 bytes)
1763396741.987164 sending message 112 to peer 0xbd941c000 (13 bytes)
1763396741.987170 sending message 112 to peer 0xbd941c000 (13 bytes)
1763396741.987177 sending message 112 to peer 0xbd941c000 (13 bytes)
1763396741.987183 sending message 112 to peer 0xbd941c000 (13 bytes)
1763396741.987189 sending message 112 to peer 0xbd941c000 (13 bytes)
1763396741.987196 sending message 112 to peer 0xbd941c000 (10 bytes)
1763396741.987202 sending message 112 to peer 0xbd941c000 (13 bytes)
1763396741.987208 sending message 112 to peer 0xbd941c000 (12 bytes)
1763396741.987215 sending message 112 to peer 0xbd941c000 (12 bytes)
1763396741.987221 sending message 112 to peer 0xbd941c000 (12 bytes)
1763396741.987227 sending message 112 to peer 0xbd941c000 (10 bytes)
1763396741.987234 sending message 112 to peer 0xbd941c000 (10 bytes)
1763396741.987240 sending message 112 to peer 0xbd941c000 (10 bytes)
1763396741.987246 sending message 112 to peer 0xbd941c000 (12 bytes)
1763396741.987253 sending message 112 to peer 0xbd941c000 (13 bytes)
1763396741.987259 sending message 112 to peer 0xbd941c000 (13 bytes)
1763396741.987265 sending message 112 to peer 0xbd941c000 (13 bytes)
1763396741.987271 sending message 112 to peer 0xbd941c000 (13 bytes)
1763396741.987278 sending message 112 to peer 0xbd941c000 (13 bytes)
1763396741.987284 sending message 112 to peer 0xbd941c000 (10 bytes)
1763396741.987291 sending message 112 to peer 0xbd941c000 (11 bytes)
1763396741.987297 sending message 112 to peer 0xbd941c000 (12 bytes)
1763396741.987303 sending message 112 to peer 0xbd941c000 (12 bytes)
1763396741.987310 sending message 112 to peer 0xbd941c000 (12 bytes)
1763396741.987316 sending message 112 to peer 0xbd941c000 (12 bytes)
1763396741.987322 sending message 112 to peer 0xbd941c000 (12 bytes)
1763396741.987329 sending message 112 to peer 0xbd941c000 (11 bytes)
1763396741.987335 sending message 112 to peer 0xbd941c000 (12 bytes)
1763396741.987341 sending message 112 to peer 0xbd941c000 (12 bytes)
1763396741.987347 sending message 112 to peer 0xbd941c000 (13 bytes)
1763396741.987354 sending message 112 to peer 0xbd941c000 (13 bytes)
1763396741.987360 sending message 112 to peer 0xbd941c000 (13 bytes)
1763396741.987367 sending message 112 to peer 0xbd941c000 (13 bytes)
1763396741.987373 sending message 112 to peer 0xbd941c000 (13 bytes)
1763396741.987403 sending message 112 to peer 0xbd941c000 (10 bytes)
1763396741.987409 sending message 112 to peer 0xbd941c000 (9 bytes)
1763396741.987416 sending message 112 to peer 0xbd941c000 (12 bytes)
1763396741.987422 sending message 112 to peer 0xbd941c000 (13 bytes)
1763396741.987429 sending message 112 to peer 0xbd941c000 (13 bytes)
1763396741.987435 sending message 112 to peer 0xbd941c000 (13 bytes)
1763396741.987441 sending message 112 to peer 0xbd941c000 (13 bytes)
1763396741.987447 sending message 112 to peer 0xbd941c000 (13 bytes)
1763396741.987454 sending message 112 to peer 0xbd941c000 (9 bytes)
1763396741.987460 sending message 112 to peer 0xbd941c000 (12 bytes)
1763396741.987466 sending message 112 to peer 0xbd941c000 (13 bytes)
1763396741.987480 sending message 112 to peer 0xbd941c000 (13 bytes)
1763396741.987487 sending message 112 to peer 0xbd941c000 (13 bytes)
1763396741.987493 sending message 112 to peer 0xbd941c000 (13 bytes)
1763396741.987499 sending message 112 to peer 0xbd941c000 (13 bytes)
1763396741.987506 sending message 112 to peer 0xbd941c000 (11 bytes)
1763396741.987512 sending message 112 to peer 0xbd941c000 (12 bytes)
1763396741.987519 sending message 112 to peer 0xbd941c000 (13 bytes)
1763396741.987525 sending message 112 to peer 0xbd941c000 (13 bytes)
1763396741.987531 sending message 112 to peer 0xbd941c000 (13 bytes)
1763396741.987537 sending message 112 to peer 0xbd941c000 (13 bytes)
1763396741.987544 sending message 112 to peer 0xbd941c000 (13 bytes)
1763396741.987550 sending message 112 to peer 0xbd941c000 (11 bytes)
1763396741.987556 sending message 112 to peer 0xbd941c000 (12 bytes)
1763396741.987562 sending message 112 to peer 0xbd941c000 (12 bytes)
1763396741.987569 sending message 112 to peer 0xbd941c000 (12 bytes)
1763396741.987575 sending message 112 to peer 0xbd941c000 (12 bytes)
1763396741.987581 sending message 112 to peer 0xbd941c000 (12 bytes)
1763396741.987587 sending message 112 to peer 0xbd941c000 (21 bytes)
1763396741.987594 sending message 112 to peer 0xbd941c000 (12 bytes)
1763396741.987600 sending message 112 to peer 0xbd941c000 (9 bytes)
1763396741.987607 sending message 112 to peer 0xbd941c000 (6 bytes)
1763396741.987613 sending message 112 to peer 0xbd941c000 (13 bytes)
1763396741.987619 sending message 112 to peer 0xbd941c000 (10 bytes)
1763396741.987626 sending message 112 to peer 0xbd941c000 (15 bytes)
1763396741.987632 sending message 112 to peer 0xbd941c000 (13 bytes)
1763396741.987638 sending message 112 to peer 0xbd941c000 (9 bytes)
1763396741.987645 sending message 112 to peer 0xbd941c000 (70 bytes)
1763396741.987651 sending message 112 to peer 0xbd941c000 (69 bytes)
1763396741.987658 sending message 112 to peer 0xbd941c000 (34 bytes)
1763396741.987664 sending message 112 to peer 0xbd941c000 (34 bytes)
1763396741.987671 sending message 112 to peer 0xbd941c000 (70 bytes)
1763396741.987677 sending message 112 to peer 0xbd941c000 (12 bytes)
1763396741.987683 sending message 112 to peer 0xbd941c000 (10 bytes)
1763396741.987688 sending message 112 to peer 0xbd941c000 (10 bytes)
1763396741.987693 sending message 112 to peer 0xbd941c000 (15 bytes)
1763396741.987698 sending message 112 to peer 0xbd941c000 (13 bytes)
1763396741.987704 sending message 112 to peer 0xbd941c000 (10 bytes)
1763396741.987709 sending message 112 to peer 0xbd941c000 (10 bytes)
1763396741.987714 sending message 112 to peer 0xbd941c000 (17 bytes)
1763396741.987719 sending message 112 to peer 0xbd941c000 (10 bytes)
1763396741.987724 sending message 112 to peer 0xbd941c000 (13 bytes)
1763396741.987730 sending message 112 to peer 0xbd941c000 (32 bytes)
1763396741.987735 sending message 112 to peer 0xbd941c000 (5 bytes)
1763396741.987740 sending message 112 to peer 0xbd941c000 (9 bytes)
1763396741.987745 sending message 112 to peer 0xbd941c000 (15 bytes)
1763396741.987751 sending message 112 to peer 0xbd941c000 (5 bytes)
1763396741.987758 sending message 104 to peer 0xbd941c000 (0 bytes)
1763396741.987765 sending message 110 to peer 0xbd941c000 (0 bytes)
1763396741.987770 sending message 107 to peer 0xbd941c000 (4 bytes)
1763396741.987776 sending message 105 to peer 0xbd941c000 (106 bytes)
1763396741.987782 sending message 105 to peer 0xbd941c000 (75 bytes)
1763396741.987787 sending message 105 to peer 0xbd941c000 (21 bytes)
1763396741.987793 sending message 105 to peer 0xbd941c000 (19 bytes)
1763396741.987798 sending message 105 to peer 0xbd941c000 (15 bytes)
1763396741.987803 sending message 105 to peer 0xbd941c000 (57 bytes)
1763396741.987809 sending message 105 to peer 0xbd941c000 (27 bytes)
1763396741.987814 sending message 105 to peer 0xbd941c000 (10 bytes)
1763396741.987819 sending message 105 to peer 0xbd941c000 (22 bytes)
1763396741.987825 sending message 105 to peer 0xbd941c000 (66 bytes)
1763396741.987839 sending message 105 to peer 0xbd941c000 (32 bytes)
1763396741.987845 sending message 105 to peer 0xbd941c000 (522 bytes)
1763396741.987850 sending message 105 to peer 0xbd941c000 (41 bytes)
1763396741.987856 sending message 105 to peer 0xbd941c000 (54 bytes)
1763396741.987861 sending message 105 to peer 0xbd941c000 (43 bytes)
1763396741.987867 sending message 105 to peer 0xbd941c000 (30 bytes)
1763396741.987872 sending message 105 to peer 0xbd941c000 (17 bytes)
1763396741.987878 sending message 105 to peer 0xbd941c000 (14 bytes)
1763396741.987883 sending message 105 to peer 0xbd941c000 (19 bytes)
1763396741.987888 sending message 105 to peer 0xbd941c000 (8 bytes)
1763396741.987893 sending message 105 to peer 0xbd941c000 (17 bytes)
1763396741.987899 sending message 105 to peer 0xbd941c000 (63 bytes)
1763396741.987904 sending message 105 to peer 0xbd941c000 (13 bytes)
1763396741.987909 sending message 105 to peer 0xbd941c000 (98 bytes)
1763396741.987915 sending message 105 to peer 0xbd941c000 (57 bytes)
1763396741.987920 sending message 105 to peer 0xbd941c000 (18 bytes)
1763396741.987925 sending message 105 to peer 0xbd941c000 (24 bytes)
1763396741.987931 sending message 105 to peer 0xbd941c000 (20 bytes)
1763396741.987936 sending message 105 to peer 0xbd941c000 (19 bytes)
1763396741.987941 sending message 105 to peer 0xbd941c000 (30 bytes)
1763396741.987947 sending message 105 to peer 0xbd941c000 (37 bytes)
1763396741.987952 sending message 105 to peer 0xbd941c000 (34 bytes)
1763396741.987957 sending message 105 to peer 0xbd941c000 (35 bytes)
1763396741.987963 sending message 105 to peer 0xbd941c000 (19 bytes)
1763396741.987968 sending message 105 to peer 0xbd941c000 (38 bytes)
1763396741.987973 sending message 105 to peer 0xbd941c000 (64 bytes)
1763396741.987979 sending message 105 to peer 0xbd941c000 (16 bytes)
1763396741.987984 sending message 105 to peer 0xbd941c000 (16 bytes)
1763396741.987989 sending message 105 to peer 0xbd941c000 (85 bytes)
1763396741.987995 sending message 105 to peer 0xbd941c000 (85 bytes)
1763396741.988000 sending message 105 to peer 0xbd941c000 (85 bytes)
1763396741.988005 sending message 105 to peer 0xbd941c000 (85 bytes)
1763396741.988010 sending message 105 to peer 0xbd941c000 (85 bytes)
1763396741.988016 sending message 105 to peer 0xbd941c000 (85 bytes)
1763396741.988021 sending message 105 to peer 0xbd941c000 (85 bytes)
1763396741.988027 sending message 105 to peer 0xbd941c000 (25 bytes)
1763396741.988032 sending message 106 to peer 0xbd941c000 (0 bytes)
1763396741.988113 sending message 200 to peer 0xbd941c000 (4 bytes)
1763396741.988121 client loop enter
1763396742.017867 peer 0xbd941c000 message 207
1763396742.017902 sending message 208 to peer 0xbd941c000 (0 bytes)
1763396910.936791 client_signal: Window size changes: 28
1763396910.937015 sending message 208 to peer 0xbd941c000 (0 bytes)
1763396919.240589 client_signal: Window size changes: 28
1763396919.240620 sending message 208 to peer 0xbd941c000 (0 bytes)
1763396944.426829 client_signal: Window size changes: 28
1763396944.426863 sending message 208 to peer 0xbd941c000 (0 bytes)
1763396954.159698 client_signal: Window size changes: 28
1763396954.160433 sending message 208 to peer 0xbd941c000 (0 bytes)
1763396974.299490 peer 0xbd941c000 message 203
1763396974.299534 sending message 205 to peer 0xbd941c000 (0 bytes)
1763396974.300017 peer 0xbd941c000 message 204
1763396974.300036 client loop exit
