1763396780.295663 client started (50291): version 3.5a, socket /private/tmp/tmux-501/default, protocol 8
1763396780.295827 on Darwin 25.1.0 Darwin Kernel Version 25.1.0: Mon Oct 20 19:32:47 PDT 2025; root:xnu-12377.41.6~2/RELEASE_ARM64_T8103
1763396780.295841 using libevent 2.1.12-stable select
1763396780.295860 using utf8proc 2.11.1
1763396780.295871 using ncurses 6.5 20240427
1763396780.295894 flags are 0x10010000
1763396780.295904 socket is /private/tmp/tmux-501/default
1763396780.295925 trying connect
1763396780.296006 add peer 0x76141c000: 6 (0x0)
1763396780.298875 sending message 111 to peer 0x76141c000 (8 bytes)
1763396780.298928 sending message 111 to peer 0x76141c000 (8 bytes)
1763396780.298940 sending message 101 to peer 0x76141c000 (14 bytes)
1763396780.298950 sending message 109 to peer 0x76141c000 (4 bytes)
1763396780.298960 sending message 102 to peer 0x76141c000 (13 bytes)
1763396780.298970 sending message 108 to peer 0x76141c000 (26 bytes)
1763396780.298980 sending message 112 to peer 0x76141c000 (70 bytes)
1763396780.298990 sending message 112 to peer 0x76141c000 (5 bytes)
1763396780.298999 sending message 112 to peer 0x76141c000 (5 bytes)
1763396780.299014 sending message 112 to peer 0x76141c000 (6 bytes)
1763396780.299025 sending message 112 to peer 0x76141c000 (6 bytes)
1763396780.299035 sending message 112 to peer 0x76141c000 (11 bytes)
1763396780.299045 sending message 112 to peer 0x76141c000 (10 bytes)
1763396780.299055 sending message 112 to peer 0x76141c000 (13 bytes)
1763396780.299065 sending message 112 to peer 0x76141c000 (13 bytes)
1763396780.299078 sending message 112 to peer 0x76141c000 (18 bytes)
1763396780.299090 sending message 112 to peer 0x76141c000 (11 bytes)
1763396780.299099 sending message 112 to peer 0x76141c000 (10 bytes)
1763396780.299109 sending message 112 to peer 0x76141c000 (15 bytes)
1763396780.299118 sending message 112 to peer 0x76141c000 (21 bytes)
1763396780.299128 sending message 112 to peer 0x76141c000 (13 bytes)
1763396780.299137 sending message 112 to peer 0x76141c000 (7 bytes)
1763396780.299147 sending message 112 to peer 0x76141c000 (13 bytes)
1763396780.299156 sending message 112 to peer 0x76141c000 (7 bytes)
1763396780.299165 sending message 112 to peer 0x76141c000 (13 bytes)
1763396780.299174 sending message 112 to peer 0x76141c000 (9 bytes)
1763396780.299184 sending message 112 to peer 0x76141c000 (21 bytes)
1763396780.299193 sending message 112 to peer 0x76141c000 (13 bytes)
1763396780.299202 sending message 112 to peer 0x76141c000 (8 bytes)
1763396780.299212 sending message 112 to peer 0x76141c000 (12 bytes)
1763396780.299221 sending message 112 to peer 0x76141c000 (13 bytes)
1763396780.299230 sending message 112 to peer 0x76141c000 (9 bytes)
1763396780.299240 sending message 112 to peer 0x76141c000 (9 bytes)
1763396780.299249 sending message 112 to peer 0x76141c000 (12 bytes)
1763396780.299258 sending message 112 to peer 0x76141c000 (8 bytes)
1763396780.299268 sending message 112 to peer 0x76141c000 (8 bytes)
1763396780.299277 sending message 112 to peer 0x76141c000 (7 bytes)
1763396780.299286 sending message 112 to peer 0x76141c000 (7 bytes)
1763396780.299295 sending message 112 to peer 0x76141c000 (9 bytes)
1763396780.299305 sending message 112 to peer 0x76141c000 (13 bytes)
1763396780.299314 sending message 112 to peer 0x76141c000 (6 bytes)
1763396780.299323 sending message 112 to peer 0x76141c000 (9 bytes)
1763396780.299333 sending message 112 to peer 0x76141c000 (15 bytes)
1763396780.299342 sending message 112 to peer 0x76141c000 (13 bytes)
1763396780.299351 sending message 112 to peer 0x76141c000 (12 bytes)
1763396780.299361 sending message 112 to peer 0x76141c000 (8 bytes)
1763396780.299370 sending message 112 to peer 0x76141c000 (14 bytes)
1763396780.299379 sending message 112 to peer 0x76141c000 (11 bytes)
1763396780.299389 sending message 112 to peer 0x76141c000 (9 bytes)
1763396780.299398 sending message 112 to peer 0x76141c000 (10 bytes)
1763396780.299407 sending message 112 to peer 0x76141c000 (10 bytes)
1763396780.299417 sending message 112 to peer 0x76141c000 (10 bytes)
1763396780.299507 sending message 112 to peer 0x76141c000 (10 bytes)
1763396780.299553 sending message 112 to peer 0x76141c000 (11 bytes)
1763396780.299566 sending message 112 to peer 0x76141c000 (12 bytes)
1763396780.299577 sending message 112 to peer 0x76141c000 (12 bytes)
1763396780.299587 sending message 112 to peer 0x76141c000 (12 bytes)
1763396780.299596 sending message 112 to peer 0x76141c000 (12 bytes)
1763396780.299605 sending message 112 to peer 0x76141c000 (12 bytes)
1763396780.299616 sending message 112 to peer 0x76141c000 (11 bytes)
1763396780.299625 sending message 112 to peer 0x76141c000 (11 bytes)
1763396780.299633 sending message 112 to peer 0x76141c000 (12 bytes)
1763396780.299641 sending message 112 to peer 0x76141c000 (12 bytes)
1763396780.299649 sending message 112 to peer 0x76141c000 (12 bytes)
1763396780.299658 sending message 112 to peer 0x76141c000 (12 bytes)
1763396780.299666 sending message 112 to peer 0x76141c000 (12 bytes)
1763396780.299674 sending message 112 to peer 0x76141c000 (10 bytes)
1763396780.299683 sending message 112 to peer 0x76141c000 (12 bytes)
1763396780.299691 sending message 112 to peer 0x76141c000 (13 bytes)
1763396780.299699 sending message 112 to peer 0x76141c000 (13 bytes)
1763396780.299707 sending message 112 to peer 0x76141c000 (13 bytes)
1763396780.299715 sending message 112 to peer 0x76141c000 (13 bytes)
1763396780.299723 sending message 112 to peer 0x76141c000 (13 bytes)
1763396780.299732 sending message 112 to peer 0x76141c000 (8 bytes)
1763396780.299740 sending message 112 to peer 0x76141c000 (11 bytes)
1763396780.299748 sending message 112 to peer 0x76141c000 (11 bytes)
1763396780.299757 sending message 112 to peer 0x76141c000 (11 bytes)
1763396780.299765 sending message 112 to peer 0x76141c000 (12 bytes)
1763396780.299773 sending message 112 to peer 0x76141c000 (12 bytes)
1763396780.299781 sending message 112 to peer 0x76141c000 (12 bytes)
1763396780.299789 sending message 112 to peer 0x76141c000 (12 bytes)
1763396780.299797 sending message 112 to peer 0x76141c000 (13 bytes)
1763396780.299805 sending message 112 to peer 0x76141c000 (13 bytes)
1763396780.299813 sending message 112 to peer 0x76141c000 (13 bytes)
1763396780.299821 sending message 112 to peer 0x76141c000 (8 bytes)
1763396780.299829 sending message 112 to peer 0x76141c000 (13 bytes)
1763396780.299837 sending message 112 to peer 0x76141c000 (13 bytes)
1763396780.299845 sending message 112 to peer 0x76141c000 (13 bytes)
1763396780.299853 sending message 112 to peer 0x76141c000 (13 bytes)
1763396780.299861 sending message 112 to peer 0x76141c000 (13 bytes)
1763396780.299869 sending message 112 to peer 0x76141c000 (12 bytes)
1763396780.299877 sending message 112 to peer 0x76141c000 (12 bytes)
1763396780.299885 sending message 112 to peer 0x76141c000 (12 bytes)
1763396780.299893 sending message 112 to peer 0x76141c000 (12 bytes)
1763396780.299901 sending message 112 to peer 0x76141c000 (13 bytes)
1763396780.299909 sending message 112 to peer 0x76141c000 (8 bytes)
1763396780.299917 sending message 112 to peer 0x76141c000 (13 bytes)
1763396780.299925 sending message 112 to peer 0x76141c000 (13 bytes)
1763396780.299933 sending message 112 to peer 0x76141c000 (13 bytes)
1763396780.299941 sending message 112 to peer 0x76141c000 (13 bytes)
1763396780.299949 sending message 112 to peer 0x76141c000 (13 bytes)
1763396780.299957 sending message 112 to peer 0x76141c000 (13 bytes)
1763396780.299965 sending message 112 to peer 0x76141c000 (13 bytes)
1763396780.299973 sending message 112 to peer 0x76141c000 (12 bytes)
1763396780.299981 sending message 112 to peer 0x76141c000 (12 bytes)
1763396780.299989 sending message 112 to peer 0x76141c000 (12 bytes)
1763396780.299997 sending message 112 to peer 0x76141c000 (8 bytes)
1763396780.300005 sending message 112 to peer 0x76141c000 (12 bytes)
1763396780.300013 sending message 112 to peer 0x76141c000 (13 bytes)
1763396780.300021 sending message 112 to peer 0x76141c000 (13 bytes)
1763396780.300029 sending message 112 to peer 0x76141c000 (13 bytes)
1763396780.300037 sending message 112 to peer 0x76141c000 (13 bytes)
1763396780.300068 sending message 112 to peer 0x76141c000 (13 bytes)
1763396780.300077 sending message 112 to peer 0x76141c000 (13 bytes)
1763396780.300085 sending message 112 to peer 0x76141c000 (13 bytes)
1763396780.300094 sending message 112 to peer 0x76141c000 (13 bytes)
1763396780.300102 sending message 112 to peer 0x76141c000 (12 bytes)
1763396780.300110 sending message 112 to peer 0x76141c000 (10 bytes)
1763396780.300118 sending message 112 to peer 0x76141c000 (12 bytes)
1763396780.300126 sending message 112 to peer 0x76141c000 (12 bytes)
1763396780.300134 sending message 112 to peer 0x76141c000 (12 bytes)
1763396780.300142 sending message 112 to peer 0x76141c000 (13 bytes)
1763396780.300150 sending message 112 to peer 0x76141c000 (13 bytes)
1763396780.300158 sending message 112 to peer 0x76141c000 (13 bytes)
1763396780.300167 sending message 112 to peer 0x76141c000 (13 bytes)
1763396780.300175 sending message 112 to peer 0x76141c000 (13 bytes)
1763396780.300183 sending message 112 to peer 0x76141c000 (13 bytes)
1763396780.300191 sending message 112 to peer 0x76141c000 (13 bytes)
1763396780.300199 sending message 112 to peer 0x76141c000 (10 bytes)
1763396780.300207 sending message 112 to peer 0x76141c000 (13 bytes)
1763396780.300215 sending message 112 to peer 0x76141c000 (12 bytes)
1763396780.300223 sending message 112 to peer 0x76141c000 (12 bytes)
1763396780.300231 sending message 112 to peer 0x76141c000 (12 bytes)
1763396780.300239 sending message 112 to peer 0x76141c000 (10 bytes)
1763396780.300247 sending message 112 to peer 0x76141c000 (10 bytes)
1763396780.300255 sending message 112 to peer 0x76141c000 (10 bytes)
1763396780.300263 sending message 112 to peer 0x76141c000 (12 bytes)
1763396780.300271 sending message 112 to peer 0x76141c000 (13 bytes)
1763396780.300279 sending message 112 to peer 0x76141c000 (13 bytes)
1763396780.300287 sending message 112 to peer 0x76141c000 (13 bytes)
1763396780.300295 sending message 112 to peer 0x76141c000 (13 bytes)
1763396780.300303 sending message 112 to peer 0x76141c000 (13 bytes)
1763396780.300311 sending message 112 to peer 0x76141c000 (11 bytes)
1763396780.300319 sending message 112 to peer 0x76141c000 (11 bytes)
1763396780.300327 sending message 112 to peer 0x76141c000 (12 bytes)
1763396780.300336 sending message 112 to peer 0x76141c000 (12 bytes)
1763396780.300343 sending message 112 to peer 0x76141c000 (12 bytes)
1763396780.300352 sending message 112 to peer 0x76141c000 (12 bytes)
1763396780.300359 sending message 112 to peer 0x76141c000 (12 bytes)
1763396780.300367 sending message 112 to peer 0x76141c000 (11 bytes)
1763396780.300375 sending message 112 to peer 0x76141c000 (12 bytes)
1763396780.300384 sending message 112 to peer 0x76141c000 (12 bytes)
1763396780.300391 sending message 112 to peer 0x76141c000 (13 bytes)
1763396780.300399 sending message 112 to peer 0x76141c000 (13 bytes)
1763396780.300408 sending message 112 to peer 0x76141c000 (13 bytes)
1763396780.300415 sending message 112 to peer 0x76141c000 (13 bytes)
1763396780.300423 sending message 112 to peer 0x76141c000 (13 bytes)
1763396780.300431 sending message 112 to peer 0x76141c000 (10 bytes)
1763396780.300439 sending message 112 to peer 0x76141c000 (9 bytes)
1763396780.300447 sending message 112 to peer 0x76141c000 (12 bytes)
1763396780.300456 sending message 112 to peer 0x76141c000 (13 bytes)
1763396780.300464 sending message 112 to peer 0x76141c000 (13 bytes)
1763396780.300472 sending message 112 to peer 0x76141c000 (13 bytes)
1763396780.300480 sending message 112 to peer 0x76141c000 (13 bytes)
1763396780.300488 sending message 112 to peer 0x76141c000 (13 bytes)
1763396780.300496 sending message 112 to peer 0x76141c000 (9 bytes)
1763396780.300504 sending message 112 to peer 0x76141c000 (12 bytes)
1763396780.300512 sending message 112 to peer 0x76141c000 (13 bytes)
1763396780.300520 sending message 112 to peer 0x76141c000 (13 bytes)
1763396780.300528 sending message 112 to peer 0x76141c000 (13 bytes)
1763396780.300536 sending message 112 to peer 0x76141c000 (13 bytes)
1763396780.300555 sending message 112 to peer 0x76141c000 (13 bytes)
1763396780.300564 sending message 112 to peer 0x76141c000 (11 bytes)
1763396780.300572 sending message 112 to peer 0x76141c000 (12 bytes)
1763396780.300580 sending message 112 to peer 0x76141c000 (13 bytes)
1763396780.300588 sending message 112 to peer 0x76141c000 (13 bytes)
1763396780.300596 sending message 112 to peer 0x76141c000 (13 bytes)
1763396780.300604 sending message 112 to peer 0x76141c000 (13 bytes)
1763396780.300612 sending message 112 to peer 0x76141c000 (13 bytes)
1763396780.300620 sending message 112 to peer 0x76141c000 (11 bytes)
1763396780.300629 sending message 112 to peer 0x76141c000 (12 bytes)
1763396780.300637 sending message 112 to peer 0x76141c000 (12 bytes)
1763396780.300645 sending message 112 to peer 0x76141c000 (12 bytes)
1763396780.300653 sending message 112 to peer 0x76141c000 (12 bytes)
1763396780.300661 sending message 112 to peer 0x76141c000 (12 bytes)
1763396780.300669 sending message 112 to peer 0x76141c000 (21 bytes)
1763396780.300678 sending message 112 to peer 0x76141c000 (12 bytes)
1763396780.300686 sending message 112 to peer 0x76141c000 (9 bytes)
1763396780.300694 sending message 112 to peer 0x76141c000 (6 bytes)
1763396780.300702 sending message 112 to peer 0x76141c000 (13 bytes)
1763396780.300710 sending message 112 to peer 0x76141c000 (8 bytes)
1763396780.300719 sending message 112 to peer 0x76141c000 (15 bytes)
1763396780.300727 sending message 112 to peer 0x76141c000 (13 bytes)
1763396780.300735 sending message 112 to peer 0x76141c000 (9 bytes)
1763396780.300743 sending message 112 to peer 0x76141c000 (70 bytes)
1763396780.300751 sending message 112 to peer 0x76141c000 (69 bytes)
1763396780.300759 sending message 112 to peer 0x76141c000 (10 bytes)
1763396780.300768 sending message 112 to peer 0x76141c000 (10 bytes)
1763396780.300776 sending message 112 to peer 0x76141c000 (8 bytes)
1763396780.300784 sending message 112 to peer 0x76141c000 (15 bytes)
1763396780.300792 sending message 112 to peer 0x76141c000 (13 bytes)
1763396780.300800 sending message 112 to peer 0x76141c000 (10 bytes)
1763396780.300808 sending message 112 to peer 0x76141c000 (10 bytes)
1763396780.300816 sending message 112 to peer 0x76141c000 (17 bytes)
1763396780.300824 sending message 112 to peer 0x76141c000 (10 bytes)
1763396780.300832 sending message 112 to peer 0x76141c000 (13 bytes)
1763396780.300840 sending message 112 to peer 0x76141c000 (9 bytes)
1763396780.300848 sending message 112 to peer 0x76141c000 (5 bytes)
1763396780.300856 sending message 112 to peer 0x76141c000 (15 bytes)
1763396780.300868 sending message 104 to peer 0x76141c000 (0 bytes)
1763396780.300877 sending message 110 to peer 0x76141c000 (0 bytes)
1763396780.300885 sending message 107 to peer 0x76141c000 (4 bytes)
1763396780.300894 sending message 105 to peer 0x76141c000 (20 bytes)
1763396780.300902 sending message 105 to peer 0x76141c000 (22 bytes)
1763396780.300910 sending message 105 to peer 0x76141c000 (57 bytes)
1763396780.300919 sending message 105 to peer 0x76141c000 (75 bytes)
1763396780.300927 sending message 105 to peer 0x76141c000 (41 bytes)
1763396780.300935 sending message 105 to peer 0x76141c000 (85 bytes)
1763396780.300944 sending message 105 to peer 0x76141c000 (85 bytes)
1763396780.300952 sending message 105 to peer 0x76141c000 (85 bytes)
1763396780.300960 sending message 105 to peer 0x76141c000 (85 bytes)
1763396780.300969 sending message 105 to peer 0x76141c000 (85 bytes)
1763396780.300977 sending message 105 to peer 0x76141c000 (85 bytes)
1763396780.300985 sending message 105 to peer 0x76141c000 (85 bytes)
1763396780.300993 sending message 105 to peer 0x76141c000 (17 bytes)
1763396780.301002 sending message 105 to peer 0x76141c000 (37 bytes)
1763396780.301010 sending message 105 to peer 0x76141c000 (30 bytes)
1763396780.301018 sending message 105 to peer 0x76141c000 (34 bytes)
1763396780.301026 sending message 105 to peer 0x76141c000 (60 bytes)
1763396780.301035 sending message 105 to peer 0x76141c000 (17 bytes)
1763396780.301061 sending message 105 to peer 0x76141c000 (13 bytes)
1763396780.301071 sending message 105 to peer 0x76141c000 (54 bytes)
1763396780.301080 sending message 105 to peer 0x76141c000 (106 bytes)
1763396780.301090 sending message 105 to peer 0x76141c000 (16 bytes)
1763396780.301099 sending message 105 to peer 0x76141c000 (64 bytes)
1763396780.301107 sending message 105 to peer 0x76141c000 (16 bytes)
1763396780.301116 sending message 105 to peer 0x76141c000 (33 bytes)
1763396780.301124 sending message 105 to peer 0x76141c000 (18 bytes)
1763396780.301132 sending message 105 to peer 0x76141c000 (638 bytes)
1763396780.301141 sending message 105 to peer 0x76141c000 (30 bytes)
1763396780.301150 sending message 105 to peer 0x76141c000 (24 bytes)
1763396780.301158 sending message 105 to peer 0x76141c000 (15 bytes)
1763396780.301166 sending message 105 to peer 0x76141c000 (8 bytes)
1763396780.301175 sending message 105 to peer 0x76141c000 (66 bytes)
1763396780.301183 sending message 105 to peer 0x76141c000 (38 bytes)
1763396780.301191 sending message 105 to peer 0x76141c000 (19 bytes)
1763396780.301200 sending message 105 to peer 0x76141c000 (19 bytes)
1763396780.301208 sending message 105 to peer 0x76141c000 (63 bytes)
1763396780.301216 sending message 105 to peer 0x76141c000 (18 bytes)
1763396780.301225 sending message 105 to peer 0x76141c000 (26 bytes)
1763396780.301233 sending message 105 to peer 0x76141c000 (57 bytes)
1763396780.301241 sending message 105 to peer 0x76141c000 (43 bytes)
1763396780.301253 sending message 105 to peer 0x76141c000 (13 bytes)
1763396780.301261 sending message 105 to peer 0x76141c000 (10 bytes)
1763396780.301270 sending message 105 to peer 0x76141c000 (98 bytes)
1763396780.301278 sending message 105 to peer 0x76141c000 (14 bytes)
1763396780.301286 sending message 105 to peer 0x76141c000 (19 bytes)
1763396780.301294 sending message 105 to peer 0x76141c000 (43 bytes)
1763396780.301302 sending message 105 to peer 0x76141c000 (32 bytes)
1763396780.301311 sending message 105 to peer 0x76141c000 (82 bytes)
1763396780.301319 sending message 105 to peer 0x76141c000 (25 bytes)
1763396780.301327 sending message 106 to peer 0x76141c000 (0 bytes)
1763396780.301493 sending message 200 to peer 0x76141c000 (4 bytes)
1763396780.301509 client loop enter
1763396780.305970 peer 0x76141c000 message 303
1763396780.305985 open write file 2 -
1763396780.306007 sending message 305 to peer 0x76141c000 (8 bytes)
1763396780.306029 write check file 2
1763396780.306181 peer 0x76141c000 message 304
1763396780.306193 write 58 to file 2
1763396780.306209 peer 0x76141c000 message 203
1763396780.306219 file 2 58 bytes left
1763396780.306242 write check file 2
1763396780.306250 client loop exit
